The following modules were not unloaded:
  (Use "module --force purge" to unload all):

  1) systemdefault/1.0.0

Lmod is automatically replacing "cpeGNU/24.11" with "PrgEnv-gnu/8.5.0".

Lmod has detected the following error: The following module(s) are unknown:
"cray-libsci/24.11.0" "cray-pmi/6.1.15" "craype/2.7.33" "cray-mpich/8.1.31"
"perftools-base/24.11.0"

Please check the spelling or version number. Also try "module spider ..."
It is also possible your cache file is out-of-date; it may help to try:
  $ module --ignore_cache load "cray-libsci/24.11.0" "cray-pmi/6.1.15"
"craype/2.7.33" "cray-mpich/8.1.31" "perftools-base/24.11.0"

Also make sure that all modulefiles written in TCL start with the string
#%Module

Executing this command requires loading "craype/2.7.33" which failed while
processing the following module(s):

    Module fullname  Module Filename
    ---------------  ---------------
    cpeGNU/24.11     /pdc/software/eb/modules/all/cpeGNU/24.11.luaExecuting this command requires loading "cray-mpich/8.1.31" which failed while
processing the following module(s):

    Module fullname  Module Filename
    ---------------  ---------------
    cpeGNU/24.11     /pdc/software/eb/modules/all/cpeGNU/24.11.luaExecuting this command requires loading "cray-libsci/24.11.0" which failed
while processing the following module(s):

    Module fullname  Module Filename
    ---------------  ---------------
    cpeGNU/24.11     /pdc/software/eb/modules/all/cpeGNU/24.11.luaExecuting this command requires loading "perftools-base/24.11.0" which failed
while processing the following module(s):

    Module fullname  Module Filename
    ---------------  ---------------
    cpeGNU/24.11     /pdc/software/eb/modules/all/cpeGNU/24.11.luaExecuting this command requires loading "cray-pmi/6.1.15" which failed while
processing the following module(s):

    Module fullname  Module Filename
    ---------------  ---------------
    cpeGNU/24.11     /pdc/software/eb/modules/all/cpeGNU/24.11.lua


Lmod has detected the following error: These module(s) or extension(s) exist
but cannot be loaded as requested: "score-p/8.4-cpeGNU"
   Try: "module spider score-p/8.4-cpeGNU" to see how to load the module(s).



/var/spool/slurm/slurmd/job10188533/slurm_script: line 14: scorep: command not found
slurmstepd: error: execve(): /cfs/klemming/home/k/kobalt/Private/DD2356-Assignments/Assignment4/Exercise3/./ex1_halo.out: No such file or directory
slurmstepd: error: execve(): /cfs/klemming/home/k/kobalt/Private/DD2356-Assignments/Assignment4/Exercise3/./ex1_halo.out: No such file or directory
slurmstepd: error: execve(): /cfs/klemming/home/k/kobalt/Private/DD2356-Assignments/Assignment4/Exercise3/./ex1_halo.out: No such file or directory
slurmstepd: error: execve(): /cfs/klemming/home/k/kobalt/Private/DD2356-Assignments/Assignment4/Exercise3/./ex1_halo.out: No such file or directory
slurmstepd: error: execve(): /cfs/klemming/home/k/kobalt/Private/DD2356-Assignments/Assignment4/Exercise3/./ex1_halo.out: No such file or directory
slurmstepd: error: execve(): /cfs/klemming/home/k/kobalt/Private/DD2356-Assignments/Assignment4/Exercise3/./ex1_halo.out: No such file or directory
slurmstepd: error: execve(): /cfs/klemming/home/k/kobalt/Private/DD2356-Assignments/Assignment4/Exercise3/./ex1_halo.out: No such file or directory
slurmstepd: error: execve(): /cfs/klemming/home/k/kobalt/Private/DD2356-Assignments/Assignment4/Exercise3/./ex1_halo.out: No such file or directory
slurmstepd: error: execve(): /cfs/klemming/home/k/kobalt/Private/DD2356-Assignments/Assignment4/Exercise3/./ex1_halo.out: No such file or directory
slurmstepd: error: execve(): /cfs/klemming/home/k/kobalt/Private/DD2356-Assignments/Assignment4/Exercise3/./ex1_halo.out: No such file or directory
slurmstepd: error: execve(): /cfs/klemming/home/k/kobalt/Private/DD2356-Assignments/Assignment4/Exercise3/./ex1_halo.out: No such file or directory
slurmstepd: error: execve(): /cfs/klemming/home/k/kobalt/Private/DD2356-Assignments/Assignment4/Exercise3/./ex1_halo.out: No such file or directory
slurmstepd: error: execve(): /cfs/klemming/home/k/kobalt/Private/DD2356-Assignments/Assignment4/Exercise3/./ex1_halo.out: No such file or directory
slurmstepd: error: execve(): /cfs/klemming/home/k/kobalt/Private/DD2356-Assignments/Assignment4/Exercise3/./ex1_halo.out: No such file or directory
slurmstepd: error: execve(): /cfs/klemming/home/k/kobalt/Private/DD2356-Assignments/Assignment4/Exercise3/./ex1_halo.out: No such file or directory
slurmstepd: error: execve(): /cfs/klemming/home/k/kobalt/Private/DD2356-Assignments/Assignment4/Exercise3/./ex1_halo.out: No such file or directory
slurmstepd: error: execve(): /cfs/klemming/home/k/kobalt/Private/DD2356-Assignments/Assignment4/Exercise3/./ex1_halo.out: No such file or directory
slurmstepd: error: execve(): /cfs/klemming/home/k/kobalt/Private/DD2356-Assignments/Assignment4/Exercise3/./ex1_halo.out: No such file or directory
slurmstepd: error: execve(): /cfs/klemming/home/k/kobalt/Private/DD2356-Assignments/Assignment4/Exercise3/./ex1_halo.out: No such file or directory
slurmstepd: error: execve(): /cfs/klemming/home/k/kobalt/Private/DD2356-Assignments/Assignment4/Exercise3/./ex1_halo.out: No such file or directory
slurmstepd: error: execve(): /cfs/klemming/home/k/kobalt/Private/DD2356-Assignments/Assignment4/Exercise3/./ex1_halo.out: No such file or directory
slurmstepd: error: execve(): /cfs/klemming/home/k/kobalt/Private/DD2356-Assignments/Assignment4/Exercise3/./ex1_halo.out: No such file or directory
slurmstepd: error: execve(): /cfs/klemming/home/k/kobalt/Private/DD2356-Assignments/Assignment4/Exercise3/./ex1_halo.out: No such file or directory
slurmstepd: error: execve(): /cfs/klemming/home/k/kobalt/Private/DD2356-Assignments/Assignment4/Exercise3/./ex1_halo.out: No such file or directory
slurmstepd: error: execve(): /cfs/klemming/home/k/kobalt/Private/DD2356-Assignments/Assignment4/Exercise3/./ex1_halo.out: No such file or directory
slurmstepd: error: execve(): /cfs/klemming/home/k/kobalt/Private/DD2356-Assignments/Assignment4/Exercise3/./ex1_halo.out: No such file or directory
slurmstepd: error: execve(): /cfs/klemming/home/k/kobalt/Private/DD2356-Assignments/Assignment4/Exercise3/./ex1_halo.out: No such file or directory
slurmstepd: error: execve(): /cfs/klemming/home/k/kobalt/Private/DD2356-Assignments/Assignment4/Exercise3/./ex1_halo.out: No such file or directory
slurmstepd: error: execve(): /cfs/klemming/home/k/kobalt/Private/DD2356-Assignments/Assignment4/Exercise3/./ex1_halo.out: No such file or directory
slurmstepd: error: execve(): /cfs/klemming/home/k/kobalt/Private/DD2356-Assignments/Assignment4/Exercise3/./ex1_halo.out: No such file or directory
slurmstepd: error: execve(): /cfs/klemming/home/k/kobalt/Private/DD2356-Assignments/Assignment4/Exercise3/./ex1_halo.out: No such file or directory
slurmstepd: error: execve(): /cfs/klemming/home/k/kobalt/Private/DD2356-Assignments/Assignment4/Exercise3/./ex1_halo.out: No such file or directory
srun: error: nid001232: tasks 0-15: Exited with exit code 2
srun: Terminating StepId=10188533.0
srun: error: nid002608: tasks 16-31: Exited with exit code 2
